<?xml version="1.0" encoding="UTF-8"?>
<testsuite name="com.jojoldu.book.springboot.web.IndexControllerTest" tests="1" skipped="0" failures="0" errors="0" timestamp="2020-07-05T09:23:46" hostname="DESKTOP-HMU2A5E" time="0.296">
  <properties/>
  <testcase name="메인페이지_로딩" classname="com.jojoldu.book.springboot.web.IndexControllerTest" time="0.296"/>
  <system-out><![CDATA[2020-07-05 18:23:43.350  INFO 14000 --- [    Test worker] .b.t.c.SpringBootTestContextBootstrapper : Neither @ContextConfiguration nor @ContextHierarchy found for test class [com.jojoldu.book.springboot.web.IndexControllerTest], using SpringBootContextLoader
2020-07-05 18:23:43.352  INFO 14000 --- [    Test worker] o.s.t.c.support.AbstractContextLoader    : Could not detect default resource locations for test class [com.jojoldu.book.springboot.web.IndexControllerTest]: no resource found for suffixes {-context.xml, Context.groovy}.
2020-07-05 18:23:43.353  INFO 14000 --- [    Test worker] t.c.s.AnnotationConfigContextLoaderUtils : Could not detect default configuration classes for test class [com.jojoldu.book.springboot.web.IndexControllerTest]: IndexControllerTest does not declare any static, non-private, non-final, nested classes annotated with @Configuration.
2020-07-05 18:23:43.356  INFO 14000 --- [    Test worker] .b.t.c.SpringBootTestContextBootstrapper : Found @SpringBootConfiguration com.jojoldu.book.springboot.Application for test class com.jojoldu.book.springboot.web.IndexControllerTest
2020-07-05 18:23:43.358  INFO 14000 --- [    Test worker] .b.t.c.SpringBootTestContextBootstrapper : Loaded default TestExecutionListener class names from location [META-INF/spring.factories]: [org.springframework.security.test.context.support.WithSecurityContextTestExecutionListener, org.springframework.security.test.context.support.ReactorContextTestExecutionListener, org.springframework.boot.test.autoconfigure.restdocs.RestDocsTestExecutionListener, org.springframework.boot.test.autoconfigure.web.client.MockRestServiceServerResetTestExecutionListener, org.springframework.boot.test.autoconfigure.web.servlet.MockMvcPrintOnlyOnFailureTestExecutionListener, org.springframework.boot.test.autoconfigure.web.servlet.WebDriverTestExecutionListener, org.springframework.boot.test.mock.mockito.MockitoTestExecutionListener, org.springframework.boot.test.mock.mockito.ResetMocksTestExecutionListener, org.springframework.test.context.web.ServletTestExecutionListener, org.springframework.test.context.support.DirtiesContextBeforeModesTestExecutionListener, org.springframework.test.context.support.DependencyInjectionTestExecutionListener, org.springframework.test.context.support.DirtiesContextTestExecutionListener, org.springframework.test.context.transaction.TransactionalTestExecutionListener, org.springframework.test.context.jdbc.SqlScriptsTestExecutionListener]
2020-07-05 18:23:43.360  INFO 14000 --- [    Test worker] .b.t.c.SpringBootTestContextBootstrapper : Using TestExecutionListeners: [org.springframework.test.context.web.ServletTestExecutionListener@5d4feffb, org.springframework.test.context.support.DirtiesContextBeforeModesTestExecutionListener@63cc027d, org.springframework.boot.test.mock.mockito.MockitoTestExecutionListener@56c26279, org.springframework.boot.test.autoconfigure.SpringBootDependencyInjectionTestExecutionListener@4d0997f7, org.springframework.test.context.support.DirtiesContextTestExecutionListener@6f9b999a, org.springframework.test.context.transaction.TransactionalTestExecutionListener@6cc7b1fe, org.springframework.test.context.jdbc.SqlScriptsTestExecutionListener@2953c7b5, org.springframework.security.test.context.support.WithSecurityContextTestExecutionListener@28e45b47, org.springframework.security.test.context.support.ReactorContextTestExecutionListener@1b804088, org.springframework.boot.test.autoconfigure.restdocs.RestDocsTestExecutionListener@4a994a47, org.springframework.boot.test.autoconfigure.web.client.MockRestServiceServerResetTestExecutionListener@7d4042ce, org.springframework.boot.test.autoconfigure.web.servlet.MockMvcPrintOnlyOnFailureTestExecutionListener@77740042, org.springframework.boot.test.autoconfigure.web.servlet.WebDriverTestExecutionListener@6ee99a24, org.springframework.boot.test.mock.mockito.ResetMocksTestExecutionListener@6ea23ecc]

  .   ____          _            __ _ _
 /\\ / ___'_ __ _ _(_)_ __  __ _ \ \ \ \
( ( )\___ | '_ | '_| | '_ \/ _` | \ \ \ \
 \\/  ___)| |_)| | | | | || (_| |  ) ) ) )
  '  |____| .__|_| |_|_| |_\__, | / / / /
 =========|_|==============|___/=/_/_/_/
 :: Spring Boot ::        (v2.1.9.RELEASE)

2020-07-05 18:23:43.409  INFO 14000 --- [    Test worker] c.j.b.s.web.IndexControllerTest          : Starting IndexControllerTest on DESKTOP-HMU2A5E with PID 14000 (started by Nick in D:\IntelliJ\freelec-springboot2-webservice)
2020-07-05 18:23:43.409  INFO 14000 --- [    Test worker] c.j.b.s.web.IndexControllerTest          : No active profile set, falling back to default profiles: default
2020-07-05 18:23:43.753  INFO 14000 --- [    Test worker] .s.d.r.c.RepositoryConfigurationDelegate : Bootstrapping Spring Data repositories in DEFAULT mode.
2020-07-05 18:23:43.784  INFO 14000 --- [    Test worker] .s.d.r.c.RepositoryConfigurationDelegate : Finished Spring Data repository scanning in 30ms. Found 2 repository interfaces.
2020-07-05 18:23:43.924  INFO 14000 --- [    Test worker] trationDelegate$BeanPostProcessorChecker : Bean 'org.springframework.transaction.annotation.ProxyTransactionManagementConfiguration' of type [org.springframework.transaction.annotation.ProxyTransactionManagementConfiguration$$EnhancerBySpringCGLIB$$a92cf139] is not eligible for getting processed by all BeanPostProcessors (for example: not eligible for auto-proxying)
2020-07-05 18:23:44.298  INFO 14000 --- [    Test worker] o.s.b.w.embedded.tomcat.TomcatWebServer  : Tomcat initialized with port(s): 0 (http)
2020-07-05 18:23:44.350  INFO 14000 --- [    Test worker] o.apache.catalina.core.StandardService   : Starting service [Tomcat]
2020-07-05 18:23:44.351  INFO 14000 --- [    Test worker] org.apache.catalina.core.StandardEngine  : Starting Servlet engine: [Apache Tomcat/9.0.26]
2020-07-05 18:23:44.734  INFO 14000 --- [    Test worker] o.a.c.c.C.[Tomcat].[localhost].[/]       : Initializing Spring embedded WebApplicationContext
2020-07-05 18:23:44.735  INFO 14000 --- [    Test worker] o.s.web.context.ContextLoader            : Root WebApplicationContext: initialization completed in 1322 ms
2020-07-05 18:23:45.081  INFO 14000 --- [    Test worker] com.zaxxer.hikari.HikariDataSource       : HikariPool-2 - Starting...
2020-07-05 18:23:45.083  INFO 14000 --- [    Test worker] com.zaxxer.hikari.HikariDataSource       : HikariPool-2 - Start completed.
2020-07-05 18:23:45.146  INFO 14000 --- [    Test worker] o.hibernate.jpa.internal.util.LogHelper  : HHH000204: Processing PersistenceUnitInfo [
	name: default
	...]
2020-07-05 18:23:45.161  INFO 14000 --- [    Test worker] org.hibernate.dialect.Dialect            : HHH000400: Using dialect: org.hibernate.dialect.MySQL5InnoDBDialect
Hibernate: drop table if exists posts
Hibernate: drop table if exists user
Hibernate: create table posts (id bigint not null auto_increment, created_date datetime, modified_date datetime, author varchar(255), content TEXT not null, title varchar(500) not null, primary key (id)) engine=InnoDB
Hibernate: create table user (id bigint not null auto_increment, email varchar(255) not null, name varchar(255) not null, picture varchar(255), role varchar(255) not null, primary key (id)) engine=InnoDB
2020-07-05 18:23:45.251  INFO 14000 --- [    Test worker] o.h.t.schema.internal.SchemaCreatorImpl  : HHH000476: Executing import script 'org.hibernate.tool.schema.internal.exec.ScriptSourceInputNonExistentImpl@6e9f3829'
2020-07-05 18:23:45.251  INFO 14000 --- [    Test worker] j.LocalContainerEntityManagerFactoryBean : Initialized JPA EntityManagerFactory for persistence unit 'default'
2020-07-05 18:23:45.730  INFO 14000 --- [    Test worker] o.h.h.i.QueryTranslatorFactoryInitiator  : HHH000397: Using ASTQueryTranslatorFactory
2020-07-05 18:23:45.918  INFO 14000 --- [    Test worker] o.s.s.web.DefaultSecurityFilterChain     : Creating filter chain: any request, [org.springframework.security.web.context.request.async.WebAsyncManagerIntegrationFilter@1d65dee6, org.springframework.security.web.context.SecurityContextPersistenceFilter@341116d6, org.springframework.security.web.header.HeaderWriterFilter@2221adfe, org.springframework.security.web.authentication.logout.LogoutFilter@9663704, org.springframework.security.oauth2.client.web.OAuth2AuthorizationRequestRedirectFilter@4c30c751, org.springframework.security.oauth2.client.web.OAuth2LoginAuthenticationFilter@36054502, org.springframework.security.web.authentication.UsernamePasswordAuthenticationFilter@79b106ec, org.springframework.security.web.authentication.ui.DefaultLoginPageGeneratingFilter@35fd20cb, org.springframework.security.web.authentication.ui.DefaultLogoutPageGeneratingFilter@154a51d, org.springframework.security.web.authentication.www.BasicAuthenticationFilter@5725911c, org.springframework.security.web.savedrequest.RequestCacheAwareFilter@496445d7, org.springframework.security.web.servletapi.SecurityContextHolderAwareRequestFilter@66055f58, org.springframework.security.web.authentication.AnonymousAuthenticationFilter@70a345bd, org.springframework.security.web.session.SessionManagementFilter@b2b000b, org.springframework.security.web.access.ExceptionTranslationFilter@6862bd4e, org.springframework.security.web.access.intercept.FilterSecurityInterceptor@66a91274]
2020-07-05 18:23:46.154  INFO 14000 --- [    Test worker] o.s.s.concurrent.ThreadPoolTaskExecutor  : Initializing ExecutorService 'applicationTaskExecutor'
2020-07-05 18:23:46.169  WARN 14000 --- [    Test worker] aWebConfiguration$JpaWebMvcConfiguration : spring.jpa.open-in-view is enabled by default. Therefore, database queries may be performed during view rendering. Explicitly configure spring.jpa.open-in-view to disable this warning
2020-07-05 18:23:46.215  INFO 14000 --- [    Test worker] o.s.b.a.w.s.WelcomePageHandlerMapping    : Adding welcome page template: index
2020-07-05 18:23:46.562  INFO 14000 --- [    Test worker] s.a.ScheduledAnnotationBeanPostProcessor : No TaskScheduler/ScheduledExecutorService bean found for scheduled processing
2020-07-05 18:23:46.589  INFO 14000 --- [    Test worker] o.s.b.w.embedded.tomcat.TomcatWebServer  : Tomcat started on port(s): 7538 (http) with context path ''
2020-07-05 18:23:46.590  INFO 14000 --- [    Test worker] c.j.b.s.web.IndexControllerTest          : Started IndexControllerTest in 3.227 seconds (JVM running for 16.62)
2020-07-05 18:23:46.747  INFO 14000 --- [o-auto-1-exec-1] o.a.c.c.C.[Tomcat].[localhost].[/]       : Initializing Spring DispatcherServlet 'dispatcherServlet'
2020-07-05 18:23:46.747  INFO 14000 --- [o-auto-1-exec-1] o.s.web.servlet.DispatcherServlet        : Initializing Servlet 'dispatcherServlet'
2020-07-05 18:23:46.785  INFO 14000 --- [o-auto-1-exec-1] o.s.web.servlet.DispatcherServlet        : Completed initialization in 38 ms
Hibernate: select posts0_.id as id1_0_, posts0_.created_date as created_2_0_, posts0_.modified_date as modified3_0_, posts0_.author as author4_0_, posts0_.content as content5_0_, posts0_.title as title6_0_ from posts posts0_ order by posts0_.id DESC
]]></system-out>
  <system-err><![CDATA[]]></system-err>
</testsuite>
