<?xml version="1.0" encoding="UTF-8"?>
<testsuite name="com.jojoldu.book.springboot.web.HelloControllerTest" tests="2" skipped="0" failures="0" errors="0" timestamp="2020-07-05T09:23:43" hostname="DESKTOP-HMU2A5E" time="0.212">
  <properties/>
  <testcase name="hello가_리턴된다" classname="com.jojoldu.book.springboot.web.HelloControllerTest" time="0.102"/>
  <testcase name="helloDto가_리턴된다" classname="com.jojoldu.book.springboot.web.HelloControllerTest" time="0.109"/>
  <system-out><![CDATA[2020-07-05 18:23:41.757  INFO 14000 --- [    Test worker] .b.t.a.w.s.WebMvcTestContextBootstrapper : Neither @ContextConfiguration nor @ContextHierarchy found for test class [com.jojoldu.book.springboot.web.HelloControllerTest], using SpringBootContextLoader
2020-07-05 18:23:41.759  INFO 14000 --- [    Test worker] o.s.t.c.support.AbstractContextLoader    : Could not detect default resource locations for test class [com.jojoldu.book.springboot.web.HelloControllerTest]: no resource found for suffixes {-context.xml, Context.groovy}.
2020-07-05 18:23:41.759  INFO 14000 --- [    Test worker] t.c.s.AnnotationConfigContextLoaderUtils : Could not detect default configuration classes for test class [com.jojoldu.book.springboot.web.HelloControllerTest]: HelloControllerTest does not declare any static, non-private, non-final, nested classes annotated with @Configuration.
2020-07-05 18:23:41.818  INFO 14000 --- [    Test worker] .b.t.c.SpringBootTestContextBootstrapper : Found @SpringBootConfiguration com.jojoldu.book.springboot.Application for test class com.jojoldu.book.springboot.web.HelloControllerTest
2020-07-05 18:23:41.819  INFO 14000 --- [    Test worker] .b.t.a.w.s.WebMvcTestContextBootstrapper : Loaded default TestExecutionListener class names from location [META-INF/spring.factories]: [org.springframework.security.test.context.support.WithSecurityContextTestExecutionListener, org.springframework.security.test.context.support.ReactorContextTestExecutionListener, org.springframework.boot.test.autoconfigure.restdocs.RestDocsTestExecutionListener, org.springframework.boot.test.autoconfigure.web.client.MockRestServiceServerResetTestExecutionListener, org.springframework.boot.test.autoconfigure.web.servlet.MockMvcPrintOnlyOnFailureTestExecutionListener, org.springframework.boot.test.autoconfigure.web.servlet.WebDriverTestExecutionListener, org.springframework.boot.test.mock.mockito.MockitoTestExecutionListener, org.springframework.boot.test.mock.mockito.ResetMocksTestExecutionListener, org.springframework.test.context.web.ServletTestExecutionListener, org.springframework.test.context.support.DirtiesContextBeforeModesTestExecutionListener, org.springframework.test.context.support.DependencyInjectionTestExecutionListener, org.springframework.test.context.support.DirtiesContextTestExecutionListener, org.springframework.test.context.transaction.TransactionalTestExecutionListener, org.springframework.test.context.jdbc.SqlScriptsTestExecutionListener]
2020-07-05 18:23:41.820  INFO 14000 --- [    Test worker] .b.t.a.w.s.WebMvcTestContextBootstrapper : Using TestExecutionListeners: [org.springframework.test.context.web.ServletTestExecutionListener@58c8bd69, org.springframework.test.context.support.DirtiesContextBeforeModesTestExecutionListener@4c0865da, org.springframework.boot.test.mock.mockito.MockitoTestExecutionListener@58e0b8, org.springframework.boot.test.autoconfigure.SpringBootDependencyInjectionTestExecutionListener@cc3b61e, org.springframework.test.context.support.DirtiesContextTestExecutionListener@11fd711a, org.springframework.test.context.transaction.TransactionalTestExecutionListener@1ed4f04a, org.springframework.test.context.jdbc.SqlScriptsTestExecutionListener@594e9e08, org.springframework.security.test.context.support.WithSecurityContextTestExecutionListener@48aca079, org.springframework.security.test.context.support.ReactorContextTestExecutionListener@32a36dd7, org.springframework.boot.test.autoconfigure.restdocs.RestDocsTestExecutionListener@bcc8d69, org.springframework.boot.test.autoconfigure.web.client.MockRestServiceServerResetTestExecutionListener@265ffcc6, org.springframework.boot.test.autoconfigure.web.servlet.MockMvcPrintOnlyOnFailureTestExecutionListener@b5d2f1c, org.springframework.boot.test.autoconfigure.web.servlet.WebDriverTestExecutionListener@22393675, org.springframework.boot.test.mock.mockito.ResetMocksTestExecutionListener@4d71409e]

  .   ____          _            __ _ _
 /\\ / ___'_ __ _ _(_)_ __  __ _ \ \ \ \
( ( )\___ | '_ | '_| | '_ \/ _` | \ \ \ \
 \\/  ___)| |_)| | | | | || (_| |  ) ) ) )
  '  |____| .__|_| |_|_| |_\__, | / / / /
 =========|_|==============|___/=/_/_/_/
 :: Spring Boot ::        (v2.1.9.RELEASE)

2020-07-05 18:23:41.885  INFO 14000 --- [    Test worker] c.j.b.s.web.HelloControllerTest          : Starting HelloControllerTest on DESKTOP-HMU2A5E with PID 14000 (started by Nick in D:\IntelliJ\freelec-springboot2-webservice)
2020-07-05 18:23:41.888  INFO 14000 --- [    Test worker] c.j.b.s.web.HelloControllerTest          : No active profile set, falling back to default profiles: default
2020-07-05 18:23:42.533  INFO 14000 --- [    Test worker] o.s.s.concurrent.ThreadPoolTaskExecutor  : Initializing ExecutorService 'applicationTaskExecutor'
2020-07-05 18:23:42.576  INFO 14000 --- [    Test worker] o.s.b.a.w.s.WelcomePageHandlerMapping    : Adding welcome page template: index
2020-07-05 18:23:42.820  INFO 14000 --- [    Test worker] .s.s.UserDetailsServiceAutoConfiguration : 

Using generated security password: 3335105f-faac-441e-9362-232f5d4b9700

2020-07-05 18:23:43.008  INFO 14000 --- [    Test worker] o.s.s.web.DefaultSecurityFilterChain     : Creating filter chain: any request, [org.springframework.security.web.context.request.async.WebAsyncManagerIntegrationFilter@2e935efe, org.springframework.security.web.context.SecurityContextPersistenceFilter@525a7e17, org.springframework.security.web.header.HeaderWriterFilter@19f97b87, org.springframework.security.web.csrf.CsrfFilter@6822b561, org.springframework.security.web.authentication.logout.LogoutFilter@362f4bbf, org.springframework.security.web.authentication.UsernamePasswordAuthenticationFilter@4e7c8440, org.springframework.security.web.authentication.ui.DefaultLoginPageGeneratingFilter@3704318e, org.springframework.security.web.authentication.ui.DefaultLogoutPageGeneratingFilter@4accd66b, org.springframework.security.web.authentication.www.BasicAuthenticationFilter@7009ead2, org.springframework.security.web.savedrequest.RequestCacheAwareFilter@6b13cf1c, org.springframework.security.web.servletapi.SecurityContextHolderAwareRequestFilter@3964a4ba, org.springframework.security.web.authentication.AnonymousAuthenticationFilter@603805f6, org.springframework.security.web.session.SessionManagementFilter@640d5c64, org.springframework.security.web.access.ExceptionTranslationFilter@5dec938b, org.springframework.security.web.access.intercept.FilterSecurityInterceptor@5cc3ef1]
2020-07-05 18:23:43.056  INFO 14000 --- [    Test worker] o.s.b.t.m.w.SpringBootMockServletContext : Initializing Spring TestDispatcherServlet ''
2020-07-05 18:23:43.056  INFO 14000 --- [    Test worker] o.s.t.web.servlet.TestDispatcherServlet  : Initializing Servlet ''
2020-07-05 18:23:43.077  INFO 14000 --- [    Test worker] o.s.t.web.servlet.TestDispatcherServlet  : Completed initialization in 20 ms
2020-07-05 18:23:43.129  INFO 14000 --- [    Test worker] c.j.b.s.web.HelloControllerTest          : Started HelloControllerTest in 1.304 seconds (JVM running for 13.16)
]]></system-out>
  <system-err><![CDATA[]]></system-err>
</testsuite>
