<?xml version="1.0" encoding="UTF-8"?>
<testsuite name="com.jojoldu.book.springboot.domain.posts.PostsRepositoryTest" tests="2" skipped="0" failures="0" errors="0" timestamp="2020-06-27T04:44:02" hostname="DESKTOP-HMU2A5E" time="0.288">
  <properties/>
  <testcase name="게시글저장_불러오기" classname="com.jojoldu.book.springboot.domain.posts.PostsRepositoryTest" time="0.269"/>
  <testcase name="BaseTimeEntity_등록" classname="com.jojoldu.book.springboot.domain.posts.PostsRepositoryTest" time="0.018"/>
  <system-out><![CDATA[2020-06-27 13:43:56.607  INFO 22964 --- [    Test worker] .b.t.c.SpringBootTestContextBootstrapper : Neither @ContextConfiguration nor @ContextHierarchy found for test class [com.jojoldu.book.springboot.domain.posts.PostsRepositoryTest], using SpringBootContextLoader
2020-06-27 13:43:56.608  INFO 22964 --- [    Test worker] o.s.t.c.support.AbstractContextLoader    : Could not detect default resource locations for test class [com.jojoldu.book.springboot.domain.posts.PostsRepositoryTest]: no resource found for suffixes {-context.xml, Context.groovy}.
2020-06-27 13:43:56.609  INFO 22964 --- [    Test worker] t.c.s.AnnotationConfigContextLoaderUtils : Could not detect default configuration classes for test class [com.jojoldu.book.springboot.domain.posts.PostsRepositoryTest]: PostsRepositoryTest does not declare any static, non-private, non-final, nested classes annotated with @Configuration.
2020-06-27 13:43:56.622  INFO 22964 --- [    Test worker] .b.t.c.SpringBootTestContextBootstrapper : Found @SpringBootConfiguration com.jojoldu.book.springboot.Application for test class com.jojoldu.book.springboot.domain.posts.PostsRepositoryTest
2020-06-27 13:43:56.625  INFO 22964 --- [    Test worker] .b.t.c.SpringBootTestContextBootstrapper : Loaded default TestExecutionListener class names from location [META-INF/spring.factories]: [org.springframework.security.test.context.support.WithSecurityContextTestExecutionListener, org.springframework.security.test.context.support.ReactorContextTestExecutionListener, org.springframework.boot.test.autoconfigure.restdocs.RestDocsTestExecutionListener, org.springframework.boot.test.autoconfigure.web.client.MockRestServiceServerResetTestExecutionListener, org.springframework.boot.test.autoconfigure.web.servlet.MockMvcPrintOnlyOnFailureTestExecutionListener, org.springframework.boot.test.autoconfigure.web.servlet.WebDriverTestExecutionListener, org.springframework.boot.test.mock.mockito.MockitoTestExecutionListener, org.springframework.boot.test.mock.mockito.ResetMocksTestExecutionListener, org.springframework.test.context.web.ServletTestExecutionListener, org.springframework.test.context.support.DirtiesContextBeforeModesTestExecutionListener, org.springframework.test.context.support.DependencyInjectionTestExecutionListener, org.springframework.test.context.support.DirtiesContextTestExecutionListener, org.springframework.test.context.transaction.TransactionalTestExecutionListener, org.springframework.test.context.jdbc.SqlScriptsTestExecutionListener]
2020-06-27 13:43:56.627  INFO 22964 --- [    Test worker] .b.t.c.SpringBootTestContextBootstrapper : Using TestExecutionListeners: [org.springframework.test.context.web.ServletTestExecutionListener@2b0b7862, org.springframework.test.context.support.DirtiesContextBeforeModesTestExecutionListener@122d7242, org.springframework.boot.test.mock.mockito.MockitoTestExecutionListener@20ecf2d2, org.springframework.boot.test.autoconfigure.SpringBootDependencyInjectionTestExecutionListener@e9b233b, org.springframework.test.context.support.DirtiesContextTestExecutionListener@7ea382e2, org.springframework.test.context.transaction.TransactionalTestExecutionListener@7e54016, org.springframework.test.context.jdbc.SqlScriptsTestExecutionListener@40d8585a, org.springframework.security.test.context.support.WithSecurityContextTestExecutionListener@178d2981, org.springframework.security.test.context.support.ReactorContextTestExecutionListener@75db1d00, org.springframework.boot.test.autoconfigure.restdocs.RestDocsTestExecutionListener@5813065d, org.springframework.boot.test.autoconfigure.web.client.MockRestServiceServerResetTestExecutionListener@5a8b9f8d, org.springframework.boot.test.autoconfigure.web.servlet.MockMvcPrintOnlyOnFailureTestExecutionListener@24b4647c, org.springframework.boot.test.autoconfigure.web.servlet.WebDriverTestExecutionListener@92a4ef7, org.springframework.boot.test.mock.mockito.ResetMocksTestExecutionListener@49cb9061]

  .   ____          _            __ _ _
 /\\ / ___'_ __ _ _(_)_ __  __ _ \ \ \ \
( ( )\___ | '_ | '_| | '_ \/ _` | \ \ \ \
 \\/  ___)| |_)| | | | | || (_| |  ) ) ) )
  '  |____| .__|_| |_|_| |_\__, | / / / /
 =========|_|==============|___/=/_/_/_/
 :: Spring Boot ::        (v2.1.9.RELEASE)

2020-06-27 13:43:56.661  INFO 22964 --- [    Test worker] c.j.b.s.d.posts.PostsRepositoryTest      : Starting PostsRepositoryTest on DESKTOP-HMU2A5E with PID 22964 (started by Nick in D:\IntelliJ\freelec-springboot2-webservice)
2020-06-27 13:43:56.661  INFO 22964 --- [    Test worker] c.j.b.s.d.posts.PostsRepositoryTest      : No active profile set, falling back to default profiles: default
2020-06-27 13:43:57.290  INFO 22964 --- [    Test worker] .s.d.r.c.RepositoryConfigurationDelegate : Bootstrapping Spring Data repositories in DEFAULT mode.
2020-06-27 13:43:57.384  INFO 22964 --- [    Test worker] .s.d.r.c.RepositoryConfigurationDelegate : Finished Spring Data repository scanning in 82ms. Found 2 repository interfaces.
2020-06-27 13:43:57.796  INFO 22964 --- [    Test worker] trationDelegate$BeanPostProcessorChecker : Bean 'org.springframework.transaction.annotation.ProxyTransactionManagementConfiguration' of type [org.springframework.transaction.annotation.ProxyTransactionManagementConfiguration$$EnhancerBySpringCGLIB$$6691b5ae] is not eligible for getting processed by all BeanPostProcessors (for example: not eligible for auto-proxying)
2020-06-27 13:43:58.060  INFO 22964 --- [    Test worker] com.zaxxer.hikari.HikariDataSource       : HikariPool-1 - Starting...
2020-06-27 13:43:58.322  INFO 22964 --- [    Test worker] com.zaxxer.hikari.HikariDataSource       : HikariPool-1 - Start completed.
2020-06-27 13:43:58.454  INFO 22964 --- [    Test worker] o.hibernate.jpa.internal.util.LogHelper  : HHH000204: Processing PersistenceUnitInfo [
	name: default
	...]
2020-06-27 13:43:58.561  INFO 22964 --- [    Test worker] org.hibernate.Version                    : HHH000412: Hibernate Core {5.3.12.Final}
2020-06-27 13:43:58.563  INFO 22964 --- [    Test worker] org.hibernate.cfg.Environment            : HHH000206: hibernate.properties not found
2020-06-27 13:43:58.650  INFO 22964 --- [    Test worker] o.hibernate.annotations.common.Version   : HCANN000001: Hibernate Commons Annotations {5.0.4.Final}
2020-06-27 13:43:58.887  INFO 22964 --- [    Test worker] org.hibernate.dialect.Dialect            : HHH000400: Using dialect: org.hibernate.dialect.MySQL5InnoDBDialect
Hibernate: drop table if exists posts
Hibernate: drop table if exists user
Hibernate: create table posts (id bigint not null auto_increment, created_date datetime, modified_date datetime, author varchar(255), content TEXT not null, title varchar(500) not null, primary key (id)) engine=InnoDB
Hibernate: create table user (id bigint not null auto_increment, email varchar(255) not null, name varchar(255) not null, picture varchar(255), role varchar(255) not null, primary key (id)) engine=InnoDB
2020-06-27 13:43:59.729  INFO 22964 --- [    Test worker] o.h.t.schema.internal.SchemaCreatorImpl  : HHH000476: Executing import script 'org.hibernate.tool.schema.internal.exec.ScriptSourceInputNonExistentImpl@421a12d4'
2020-06-27 13:43:59.733  INFO 22964 --- [    Test worker] j.LocalContainerEntityManagerFactoryBean : Initialized JPA EntityManagerFactory for persistence unit 'default'
2020-06-27 13:44:00.560  INFO 22964 --- [    Test worker] o.h.h.i.QueryTranslatorFactoryInitiator  : HHH000397: Using ASTQueryTranslatorFactory
2020-06-27 13:44:01.080  INFO 22964 --- [    Test worker] o.s.s.web.DefaultSecurityFilterChain     : Creating filter chain: any request, [org.springframework.security.web.context.request.async.WebAsyncManagerIntegrationFilter@31e1159b, org.springframework.security.web.context.SecurityContextPersistenceFilter@5a6aa567, org.springframework.security.web.header.HeaderWriterFilter@487a4ea9, org.springframework.security.web.authentication.logout.LogoutFilter@1505e8a3, org.springframework.security.oauth2.client.web.OAuth2AuthorizationRequestRedirectFilter@11a0516b, org.springframework.security.oauth2.client.web.OAuth2LoginAuthenticationFilter@3bffcd4a, org.springframework.security.web.authentication.UsernamePasswordAuthenticationFilter@73fa24a4, org.springframework.security.web.authentication.ui.DefaultLoginPageGeneratingFilter@1a4b3710, org.springframework.security.web.authentication.ui.DefaultLogoutPageGeneratingFilter@74310b70, org.springframework.security.web.authentication.www.BasicAuthenticationFilter@694fddf9, org.springframework.security.web.savedrequest.RequestCacheAwareFilter@3776e80a, org.springframework.security.web.servletapi.SecurityContextHolderAwareRequestFilter@2de3f74b, org.springframework.security.web.authentication.AnonymousAuthenticationFilter@564cce56, org.springframework.security.web.session.SessionManagementFilter@620ab2bd, org.springframework.security.web.access.ExceptionTranslationFilter@58d0f97, org.springframework.security.web.access.intercept.FilterSecurityInterceptor@2a979f3e]
2020-06-27 13:44:01.610  INFO 22964 --- [    Test worker] o.s.s.concurrent.ThreadPoolTaskExecutor  : Initializing ExecutorService 'applicationTaskExecutor'
2020-06-27 13:44:01.631  WARN 22964 --- [    Test worker] aWebConfiguration$JpaWebMvcConfiguration : spring.jpa.open-in-view is enabled by default. Therefore, database queries may be performed during view rendering. Explicitly configure spring.jpa.open-in-view to disable this warning
2020-06-27 13:44:01.681  INFO 22964 --- [    Test worker] o.s.b.a.w.s.WelcomePageHandlerMapping    : Adding welcome page template: index
2020-06-27 13:44:02.380  INFO 22964 --- [    Test worker] s.a.ScheduledAnnotationBeanPostProcessor : No TaskScheduler/ScheduledExecutorService bean found for scheduled processing
2020-06-27 13:44:02.389  INFO 22964 --- [    Test worker] c.j.b.s.d.posts.PostsRepositoryTest      : Started PostsRepositoryTest in 5.759 seconds (JVM running for 12.569)
Hibernate: insert into posts (created_date, modified_date, author, content, title) values (?, ?, ?, ?, ?)
Hibernate: select posts0_.id as id1_0_, posts0_.created_date as created_2_0_, posts0_.modified_date as modified3_0_, posts0_.author as author4_0_, posts0_.content as content5_0_, posts0_.title as title6_0_ from posts posts0_
Hibernate: select posts0_.id as id1_0_, posts0_.created_date as created_2_0_, posts0_.modified_date as modified3_0_, posts0_.author as author4_0_, posts0_.content as content5_0_, posts0_.title as title6_0_ from posts posts0_
Hibernate: delete from posts where id=?
Hibernate: insert into posts (created_date, modified_date, author, content, title) values (?, ?, ?, ?, ?)
Hibernate: select posts0_.id as id1_0_, posts0_.created_date as created_2_0_, posts0_.modified_date as modified3_0_, posts0_.author as author4_0_, posts0_.content as content5_0_, posts0_.title as title6_0_ from posts posts0_
>>>>>>>>> createDate=2020-06-27T13:44:02.668418, modifiedDate=2020-06-27T13:44:02.668418
Hibernate: select posts0_.id as id1_0_, posts0_.created_date as created_2_0_, posts0_.modified_date as modified3_0_, posts0_.author as author4_0_, posts0_.content as content5_0_, posts0_.title as title6_0_ from posts posts0_
Hibernate: delete from posts where id=?
]]></system-out>
  <system-err><![CDATA[]]></system-err>
</testsuite>
